<?xml version="1.0" encoding="UTF-8"?>
<!-- Generated by org.testng.reporters.JUnitReportReporter -->
<testsuite skipped="0" hostname="TYSS-4F-055" name="com.hrm.PFM.Logtest" tests="1" failures="0" timestamp="22 May 2018 07:59:56 GMT" time="0.000" errors="0">
  <testcase name="checkLogs" time="0.000" classname="com.hrm.PFM.Logtest"/>
</testsuite> <!-- com.hrm.PFM.Logtest -->
