<?xml version="1.0" encoding="UTF-8"?>
<!-- Generated by org.testng.reporters.JUnitReportReporter -->
<testsuite skipped="0" hostname="TYSS-4F-055" name="com.PFM.Actual.HRM.LoginTest.LoginTest" tests="1" failures="0" timestamp="08 Jun 2018 10:51:36 GMT" time="5.874" errors="0">
  <testcase name="loginTest" time="5.874" classname="com.PFM.Actual.HRM.LoginTest.LoginTest"/>
</testsuite> <!-- com.PFM.Actual.HRM.LoginTest.LoginTest -->
