<?xml version="1.0" encoding="UTF-8"?>
<!-- Generated by org.testng.reporters.JUnitReportReporter -->
<testsuite skipped="0" hostname="TYSS-4F-055" name="com.hrm.PFM.LogTest1" tests="1" failures="0" timestamp="22 May 2018 12:07:24 GMT" time="2.293" errors="0">
  <testcase name="checkLogs" time="2.293" classname="com.hrm.PFM.LogTest1"/>
</testsuite> <!-- com.hrm.PFM.LogTest1 -->
