<?xml version="1.0" encoding="UTF-8"?>
<!-- Generated by org.testng.reporters.JUnitReportReporter -->
<testsuite skipped="0" hostname="TYSS-4F-055" name="com.hrm.PFM.LogTest1" tests="1" failures="0" timestamp="23 May 2018 06:14:37 GMT" time="0.009" errors="0">
  <testcase name="checkLogs" time="0.009" classname="com.hrm.PFM.LogTest1"/>
</testsuite> <!-- com.hrm.PFM.LogTest1 -->
